[2023-03-04 19:27:31] Start:LIM2PatternsTask
LIM2PatternsTool 5.1.0 (Build:85480f99) - Copyright (c) 2004-2022 Department of Software Engineering - University of Szeged 
Loading: Python-3.8.6 interpreter...
Loading pattern: C:\Users\arnab\Desktop\OpenStaticAnalyzer-5.1.0-x64-Windows\Java\..\Common\Patterns\AntiPatterns\Blob.py
Loading pattern: C:\Users\arnab\Desktop\OpenStaticAnalyzer-5.1.0-x64-Windows\Java\..\Common\Patterns\AntiPatterns\FeatureEnvy.py
Loading pattern: C:\Users\arnab\Desktop\OpenStaticAnalyzer-5.1.0-x64-Windows\Java\..\Common\Patterns\AntiPatterns\LongFunction.py
Loading pattern: C:\Users\arnab\Desktop\OpenStaticAnalyzer-5.1.0-x64-Windows\Java\..\Common\Patterns\AntiPatterns\LongParameterSize.py
Loading pattern: C:\Users\arnab\Desktop\OpenStaticAnalyzer-5.1.0-x64-Windows\Java\..\Common\Patterns\AntiPatterns\RefusedBequest.py
Loading pattern: C:\Users\arnab\Desktop\OpenStaticAnalyzer-5.1.0-x64-Windows\Java\..\Common\Patterns\AntiPatterns\ShotgunSurgery.py
Loading: C:\Users\arnab\Desktop\result\IITNSTU\java\2023-03-04-19-26-55\analyzer\asg\IITNSTU.lim
Loading: C:\Users\arnab\Desktop\OpenStaticAnalyzer-5.1.0-x64-Windows\Java\WindowsTools\MET.rul.md
Parsing and checking patterns...
Loading: C:\Users\arnab\Desktop\result\IITNSTU\java\2023-03-04-19-26-55\IITNSTU.graph
Searching for patterns...
'NLA' does not exists on node 'L120'
'NII' does not exists on node 'L124'
'NLA' does not exists on node 'L127'
'NII' does not exists on node 'L128'
'NLA' does not exists on node 'L144'
'NII' does not exists on node 'L145'
'NLA' does not exists on node 'L418'
'NII' does not exists on node 'L419'
'NLA' does not exists on node 'L423'
'NII' does not exists on node 'L424'
'NLA' does not exists on node 'L509'
'NII' does not exists on node 'L510'
'NLA' does not exists on node 'L625'
'NII' does not exists on node 'L626'
'NLA' does not exists on node 'L725'
'NII' does not exists on node 'L726'
'NLA' does not exists on node 'L832'
'NII' does not exists on node 'L833'
'NLA' does not exists on node 'L839'
'NII' does not exists on node 'L840'
'NLA' does not exists on node 'L879'
'NII' does not exists on node 'L880'
'NLA' does not exists on node 'L922'
'NII' does not exists on node 'L923'
'NLA' does not exists on node 'L1270'
'NII' does not exists on node 'L1271'
'NLA' does not exists on node 'L1738'
'NII' does not exists on node 'L1739'
'NLA' does not exists on node 'L1743'
'NII' does not exists on node 'L1744'
'NLA' does not exists on node 'L1745'
'NII' does not exists on node 'L1746'
'NLA' does not exists on node 'L1759'
'NII' does not exists on node 'L1760'
'NLA' does not exists on node 'L1765'
'NII' does not exists on node 'L1766'
'NLA' does not exists on node 'L1789'
'NII' does not exists on node 'L1790'
'NLA' does not exists on node 'L1803'
'NII' does not exists on node 'L1804'
'NLA' does not exists on node 'L1833'
'NII' does not exists on node 'L1834'
'NLA' does not exists on node 'L1836'
'NII' does not exists on node 'L1837'
'NLA' does not exists on node 'L1844'
'NII' does not exists on node 'L1845'
'NLA' does not exists on node 'L1847'
'NII' does not exists on node 'L1848'
'NLA' does not exists on node 'L1856'
'NII' does not exists on node 'L1857'
'NLA' does not exists on node 'L1899'
'NII' does not exists on node 'L1900'
'NLA' does not exists on node 'L1901'
'NII' does not exists on node 'L1902'
'NLA' does not exists on node 'L1915'
'NII' does not exists on node 'L1916'
'NLA' does not exists on node 'L1921'
'NII' does not exists on node 'L1922'
'NLA' does not exists on node 'L1926'
'NII' does not exists on node 'L1927'
'NLA' does not exists on node 'L1932'
'NII' does not exists on node 'L1933'
'NLA' does not exists on node 'L1953'
'NII' does not exists on node 'L1954'
'NLA' does not exists on node 'L1955'
'NII' does not exists on node 'L1956'
'NLA' does not exists on node 'L2014'
'NII' does not exists on node 'L2015'
'NLA' does not exists on node 'L2030'
'NII' does not exists on node 'L2031'
'NLA' does not exists on node 'L2182'
'NII' does not exists on node 'L2183'
'NLA' does not exists on node 'L2184'
'NII' does not exists on node 'L2185'
'NLA' does not exists on node 'L2207'
'NII' does not exists on node 'L2208'
'NLA' does not exists on node 'L2213'
'NII' does not exists on node 'L2214'
'NLA' does not exists on node 'L2237'
'NII' does not exists on node 'L2238'
'NLA' does not exists on node 'L2251'
'NII' does not exists on node 'L2252'
'NLA' does not exists on node 'L2288'
'NII' does not exists on node 'L2289'
'NLA' does not exists on node 'L2291'
'NII' does not exists on node 'L2292'
'NLA' does not exists on node 'L2299'
'NII' does not exists on node 'L2300'
'NLA' does not exists on node 'L2302'
'NII' does not exists on node 'L2303'
'NLA' does not exists on node 'L2312'
'NII' does not exists on node 'L2313'
'NLA' does not exists on node 'L2366'
'NII' does not exists on node 'L2367'
'NLA' does not exists on node 'L2368'
'NII' does not exists on node 'L2369'
'NLA' does not exists on node 'L2382'
'NII' does not exists on node 'L2383'
'NLA' does not exists on node 'L2388'
'NII' does not exists on node 'L2389'
'NLA' does not exists on node 'L2412'
'NII' does not exists on node 'L2413'
'NLA' does not exists on node 'L2426'
'NII' does not exists on node 'L2427'
'NLA' does not exists on node 'L2456'
'NII' does not exists on node 'L2457'
'NLA' does not exists on node 'L2459'
'NII' does not exists on node 'L2460'
'NLA' does not exists on node 'L2467'
'NII' does not exists on node 'L2468'
'NLA' does not exists on node 'L2470'
'NII' does not exists on node 'L2471'
'NLA' does not exists on node 'L2479'
'NII' does not exists on node 'L2480'
'NLA' does not exists on node 'L2522'
'NII' does not exists on node 'L2523'
'NLA' does not exists on node 'L2527'
'NII' does not exists on node 'L2528'
'NLA' does not exists on node 'L2529'
'NII' does not exists on node 'L2530'
'NLA' does not exists on node 'L2543'
'NII' does not exists on node 'L2544'
'NLA' does not exists on node 'L2549'
'NII' does not exists on node 'L2550'
'NLA' does not exists on node 'L2573'
'NII' does not exists on node 'L2574'
'NLA' does not exists on node 'L2587'
'NII' does not exists on node 'L2588'
'NLA' does not exists on node 'L2617'
'NII' does not exists on node 'L2618'
'NLA' does not exists on node 'L2620'
'NII' does not exists on node 'L2621'
'NLA' does not exists on node 'L2628'
'NII' does not exists on node 'L2629'
'NLA' does not exists on node 'L2631'
'NII' does not exists on node 'L2632'
'NLA' does not exists on node 'L2640'
'NII' does not exists on node 'L2641'
'NLA' does not exists on node 'L2683'
'NII' does not exists on node 'L2684'
'NLA' does not exists on node 'L2688'
'NII' does not exists on node 'L2689'
'NLA' does not exists on node 'L2690'
'NII' does not exists on node 'L2691'
'NLA' does not exists on node 'L2704'
'NII' does not exists on node 'L2705'
'NLA' does not exists on node 'L2710'
'NII' does not exists on node 'L2711'
'NLA' does not exists on node 'L2734'
'NII' does not exists on node 'L2735'
'NLA' does not exists on node 'L2748'
'NII' does not exists on node 'L2749'
'NLA' does not exists on node 'L2778'
'NII' does not exists on node 'L2779'
'NLA' does not exists on node 'L2781'
'NII' does not exists on node 'L2782'
'NLA' does not exists on node 'L2789'
'NII' does not exists on node 'L2790'
'NLA' does not exists on node 'L2792'
'NII' does not exists on node 'L2793'
'NLA' does not exists on node 'L2801'
'NII' does not exists on node 'L2802'
'NLA' does not exists on node 'L2844'
'NII' does not exists on node 'L2845'
'NLA' does not exists on node 'L2849'
'NII' does not exists on node 'L2850'
'NLA' does not exists on node 'L2851'
'NII' does not exists on node 'L2852'
'NLA' does not exists on node 'L2874'
'NII' does not exists on node 'L2875'
'NLA' does not exists on node 'L2880'
'NII' does not exists on node 'L2881'
'NLA' does not exists on node 'L2904'
'NII' does not exists on node 'L2905'
'NLA' does not exists on node 'L2918'
'NII' does not exists on node 'L2919'
'NLA' does not exists on node 'L2955'
'NII' does not exists on node 'L2956'
'NLA' does not exists on node 'L2958'
'NII' does not exists on node 'L2959'
'NLA' does not exists on node 'L2966'
'NII' does not exists on node 'L2967'
'NLA' does not exists on node 'L2969'
'NII' does not exists on node 'L2970'
'NLA' does not exists on node 'L2979'
'NII' does not exists on node 'L2980'
'NLA' does not exists on node 'L3033'
'NII' does not exists on node 'L3034'
'NLA' does not exists on node 'L3035'
'NII' does not exists on node 'L3036'
'NLA' does not exists on node 'L3072'
'NII' does not exists on node 'L3073'
'NLA' does not exists on node 'L3078'
'NII' does not exists on node 'L3079'
'NLA' does not exists on node 'L3103'
'NII' does not exists on node 'L3104'
'NLA' does not exists on node 'L3117'
'NII' does not exists on node 'L3118'
'NLA' does not exists on node 'L3158'
'NII' does not exists on node 'L3159'
'NLA' does not exists on node 'L3161'
'NII' does not exists on node 'L3162'
'NLA' does not exists on node 'L3169'
'NII' does not exists on node 'L3170'
'NLA' does not exists on node 'L3172'
'NII' does not exists on node 'L3173'
'NLA' does not exists on node 'L3182'
'NII' does not exists on node 'L3183'
'NLA' does not exists on node 'L3259'
'NII' does not exists on node 'L3260'
'NLA' does not exists on node 'L3266'
'NII' does not exists on node 'L3267'
'NLA' does not exists on node 'L3268'
'NII' does not exists on node 'L3269'
'NLA' does not exists on node 'L3291'
'NII' does not exists on node 'L3292'
'NLA' does not exists on node 'L3297'
'NII' does not exists on node 'L3298'
'NLA' does not exists on node 'L3321'
'NII' does not exists on node 'L3322'
'NLA' does not exists on node 'L3335'
'NII' does not exists on node 'L3336'
'NLA' does not exists on node 'L3372'
'NII' does not exists on node 'L3373'
'NLA' does not exists on node 'L3375'
'NII' does not exists on node 'L3376'
'NLA' does not exists on node 'L3383'
'NII' does not exists on node 'L3384'
'NLA' does not exists on node 'L3386'
'NII' does not exists on node 'L3387'
'NLA' does not exists on node 'L3396'
'NII' does not exists on node 'L3397'
'NLA' does not exists on node 'L3450'
'NII' does not exists on node 'L3451'
'NLA' does not exists on node 'L3452'
'NII' does not exists on node 'L3453'
'NLA' does not exists on node 'L3466'
'NII' does not exists on node 'L3467'
'NLA' does not exists on node 'L3472'
'NII' does not exists on node 'L3473'
'NLA' does not exists on node 'L3496'
'NII' does not exists on node 'L3497'
'NLA' does not exists on node 'L3510'
'NII' does not exists on node 'L3511'
'NLA' does not exists on node 'L3540'
'NII' does not exists on node 'L3541'
'NLA' does not exists on node 'L3543'
'NII' does not exists on node 'L3544'
'NLA' does not exists on node 'L3551'
'NII' does not exists on node 'L3552'
'NLA' does not exists on node 'L3554'
'NII' does not exists on node 'L3555'
'NLA' does not exists on node 'L3563'
'NII' does not exists on node 'L3564'
'NLA' does not exists on node 'L3606'
'NII' does not exists on node 'L3607'
'NLA' does not exists on node 'L3608'
'NII' does not exists on node 'L3609'
'NLA' does not exists on node 'L3631'
'NII' does not exists on node 'L3632'
'NLA' does not exists on node 'L3640'
'NII' does not exists on node 'L3641'
'NLA' does not exists on node 'L3668'
'NII' does not exists on node 'L3669'
'NLA' does not exists on node 'L3682'
'NII' does not exists on node 'L3683'
'NLA' does not exists on node 'L3724'
'NII' does not exists on node 'L3725'
'NLA' does not exists on node 'L3728'
'NII' does not exists on node 'L3729'
'NLA' does not exists on node 'L3745'
'NII' does not exists on node 'L3746'
'NLA' does not exists on node 'L3748'
'NII' does not exists on node 'L3749'
'NLA' does not exists on node 'L3763'
'NII' does not exists on node 'L3764'
'NLA' does not exists on node 'L3820'
'NII' does not exists on node 'L3821'
'NLA' does not exists on node 'L3822'
'NII' does not exists on node 'L3823'
'NLA' does not exists on node 'L3845'
'NII' does not exists on node 'L3846'
'NLA' does not exists on node 'L3851'
'NII' does not exists on node 'L3852'
'NLA' does not exists on node 'L3875'
'NII' does not exists on node 'L3876'
'NLA' does not exists on node 'L3889'
'NII' does not exists on node 'L3890'
'NLA' does not exists on node 'L3926'
'NII' does not exists on node 'L3927'
'NLA' does not exists on node 'L3929'
'NII' does not exists on node 'L3930'
'NLA' does not exists on node 'L3937'
'NII' does not exists on node 'L3938'
'NLA' does not exists on node 'L3940'
'NII' does not exists on node 'L3941'
'NLA' does not exists on node 'L3950'
'NII' does not exists on node 'L3951'
'NLA' does not exists on node 'L4007'
'NII' does not exists on node 'L4008'
'NLA' does not exists on node 'L4009'
'NII' does not exists on node 'L4010'
'NLA' does not exists on node 'L4014'
'NII' does not exists on node 'L4015'
'NLA' does not exists on node 'L4016'
'NII' does not exists on node 'L4017'
'NLA' does not exists on node 'L4021'
'NII' does not exists on node 'L4022'
'NLA' does not exists on node 'L4026'
'NII' does not exists on node 'L4027'
'NLA' does not exists on node 'L4031'
'NII' does not exists on node 'L4032'
'NLA' does not exists on node 'L4033'
'NII' does not exists on node 'L4034'
'NLA' does not exists on node 'L4047'
'NII' does not exists on node 'L4048'
'NLA' does not exists on node 'L4053'
'NII' does not exists on node 'L4054'
'NLA' does not exists on node 'L4077'
'NII' does not exists on node 'L4078'
'NLA' does not exists on node 'L4091'
'NII' does not exists on node 'L4092'
'NLA' does not exists on node 'L4121'
'NII' does not exists on node 'L4122'
'NLA' does not exists on node 'L4124'
'NII' does not exists on node 'L4125'
'NLA' does not exists on node 'L4132'
'NII' does not exists on node 'L4133'
'NLA' does not exists on node 'L4135'
'NII' does not exists on node 'L4136'
'NLA' does not exists on node 'L4144'
'NII' does not exists on node 'L4145'
'NLA' does not exists on node 'L4187'
'NII' does not exists on node 'L4188'
'NLA' does not exists on node 'L4192'
'NII' does not exists on node 'L4193'
'NLA' does not exists on node 'L4194'
'NII' does not exists on node 'L4195'
'NLA' does not exists on node 'L4208'
'NII' does not exists on node 'L4209'
'NLA' does not exists on node 'L4217'
'NII' does not exists on node 'L4218'
'NLA' does not exists on node 'L4245'
'NII' does not exists on node 'L4246'
'NLA' does not exists on node 'L4259'
'NII' does not exists on node 'L4260'
'NLA' does not exists on node 'L4294'
'NII' does not exists on node 'L4295'
'NLA' does not exists on node 'L4298'
'NII' does not exists on node 'L4299'
'NLA' does not exists on node 'L4315'
'NII' does not exists on node 'L4316'
'NLA' does not exists on node 'L4318'
'NII' does not exists on node 'L4319'
'NLA' does not exists on node 'L4332'
'NII' does not exists on node 'L4333'
'NLA' does not exists on node 'L4375'
'NII' does not exists on node 'L4376'
'NLA' does not exists on node 'L4380'
'NII' does not exists on node 'L4381'
'NLA' does not exists on node 'L4382'
'NII' does not exists on node 'L4383'
'NLA' does not exists on node 'L4414'
'NII' does not exists on node 'L4415'
'NLA' does not exists on node 'L4420'
'NII' does not exists on node 'L4421'
'NLA' does not exists on node 'L4450'
'NII' does not exists on node 'L4451'
'NLA' does not exists on node 'L4464'
'NII' does not exists on node 'L4465'
'NLA' does not exists on node 'L4502'
'NII' does not exists on node 'L4503'
'NLA' does not exists on node 'L4505'
'NII' does not exists on node 'L4506'
'NLA' does not exists on node 'L4513'
'NII' does not exists on node 'L4514'
'NLA' does not exists on node 'L4516'
'NII' does not exists on node 'L4517'
'NLA' does not exists on node 'L4526'
'NII' does not exists on node 'L4527'
'NLA' does not exists on node 'L4592'
'NII' does not exists on node 'L4593'
'NLA' does not exists on node 'L4594'
'NII' does not exists on node 'L4595'
'NLA' does not exists on node 'L4608'
'NII' does not exists on node 'L4609'
'NLA' does not exists on node 'L4614'
'NII' does not exists on node 'L4615'
'NLA' does not exists on node 'L4638'
'NII' does not exists on node 'L4639'
'NLA' does not exists on node 'L4652'
'NII' does not exists on node 'L4653'
'NLA' does not exists on node 'L4682'
'NII' does not exists on node 'L4683'
'NLA' does not exists on node 'L4685'
'NII' does not exists on node 'L4686'
'NLA' does not exists on node 'L4693'
'NII' does not exists on node 'L4694'
'NLA' does not exists on node 'L4696'
'NII' does not exists on node 'L4697'
'NLA' does not exists on node 'L4705'
'NII' does not exists on node 'L4706'
'NLA' does not exists on node 'L4748'
'NII' does not exists on node 'L4749'
'NLA' does not exists on node 'L4750'
'NII' does not exists on node 'L4751'
'NLA' does not exists on node 'L4764'
'NII' does not exists on node 'L4765'
'NLA' does not exists on node 'L4770'
'NII' does not exists on node 'L4771'
'NLA' does not exists on node 'L4794'
'NII' does not exists on node 'L4795'
'NLA' does not exists on node 'L4808'
'NII' does not exists on node 'L4809'
'NLA' does not exists on node 'L4838'
'NII' does not exists on node 'L4839'
'NLA' does not exists on node 'L4841'
'NII' does not exists on node 'L4842'
'NLA' does not exists on node 'L4849'
'NII' does not exists on node 'L4850'
'NLA' does not exists on node 'L4852'
'NII' does not exists on node 'L4853'
'NLA' does not exists on node 'L4861'
'NII' does not exists on node 'L4862'
'NLA' does not exists on node 'L4904'
'NII' does not exists on node 'L4905'
'NLA' does not exists on node 'L4906'
'NII' does not exists on node 'L4907'
'NLA' does not exists on node 'L4920'
'NII' does not exists on node 'L4921'
'NLA' does not exists on node 'L4926'
'NII' does not exists on node 'L4927'
'NLA' does not exists on node 'L4950'
'NII' does not exists on node 'L4951'
'NLA' does not exists on node 'L4964'
'NII' does not exists on node 'L4965'
'NLA' does not exists on node 'L5004'
'NII' does not exists on node 'L5005'
'NLA' does not exists on node 'L5007'
'NII' does not exists on node 'L5008'
'NLA' does not exists on node 'L5015'
'NII' does not exists on node 'L5016'
'NLA' does not exists on node 'L5018'
'NII' does not exists on node 'L5019'
'NLA' does not exists on node 'L5027'
'NII' does not exists on node 'L5028'
'NLA' does not exists on node 'L5070'
'NII' does not exists on node 'L5071'
'NLA' does not exists on node 'L5072'
'NII' does not exists on node 'L5073'
'NLA' does not exists on node 'L5095'
'NII' does not exists on node 'L5096'
'NLA' does not exists on node 'L5101'
'NII' does not exists on node 'L5102'
'NLA' does not exists on node 'L5125'
'NII' does not exists on node 'L5126'
'NLA' does not exists on node 'L5139'
'NII' does not exists on node 'L5140'
'NLA' does not exists on node 'L5176'
'NII' does not exists on node 'L5177'
'NLA' does not exists on node 'L5179'
'NII' does not exists on node 'L5180'
'NLA' does not exists on node 'L5187'
'NII' does not exists on node 'L5188'
'NLA' does not exists on node 'L5190'
'NII' does not exists on node 'L5191'
'NLA' does not exists on node 'L5200'
'NII' does not exists on node 'L5201'
'NLA' does not exists on node 'L5254'
'NII' does not exists on node 'L5255'
'NLA' does not exists on node 'L5259'
'NII' does not exists on node 'L5260'
'NLA' does not exists on node 'L5261'
'NII' does not exists on node 'L5262'
'NLA' does not exists on node 'L5275'
'NII' does not exists on node 'L5276'
'NLA' does not exists on node 'L5281'
'NII' does not exists on node 'L5282'
'NLA' does not exists on node 'L5305'
'NII' does not exists on node 'L5306'
'NLA' does not exists on node 'L5319'
'NII' does not exists on node 'L5320'
'NLA' does not exists on node 'L5349'
'NII' does not exists on node 'L5350'
'NLA' does not exists on node 'L5352'
'NII' does not exists on node 'L5353'
'NLA' does not exists on node 'L5360'
'NII' does not exists on node 'L5361'
'NLA' does not exists on node 'L5363'
'NII' does not exists on node 'L5364'
'NLA' does not exists on node 'L5372'
'NII' does not exists on node 'L5373'
'NLA' does not exists on node 'L5421'
'NII' does not exists on node 'L5422'
'NLA' does not exists on node 'L5423'
'NII' does not exists on node 'L5424'
'NLA' does not exists on node 'L5429'
'NII' does not exists on node 'L5430'
'NLA' does not exists on node 'L5435'
'NII' does not exists on node 'L5436'
'NLA' does not exists on node 'L5451'
'NII' does not exists on node 'L5452'
'NLA' does not exists on node 'L5453'
'NII' does not exists on node 'L5454'
'NLA' does not exists on node 'L5461'
'NII' does not exists on node 'L5462'
'NLA' does not exists on node 'L5474'
'NII' does not exists on node 'L5475'
'NLA' does not exists on node 'L5497'
'NII' does not exists on node 'L5498'
'NLA' does not exists on node 'L5508'
'NII' does not exists on node 'L5509'
'NLA' does not exists on node 'L5527'
'NII' does not exists on node 'L5528'
'NLA' does not exists on node 'L5540'
'NII' does not exists on node 'L5541'
'NLA' does not exists on node 'L5542'
'NII' does not exists on node 'L5543'
'NLA' does not exists on node 'L5545'
'NII' does not exists on node 'L5546'
'NLA' does not exists on node 'L5551'
'NII' does not exists on node 'L5552'
'NLA' does not exists on node 'L5556'
'NII' does not exists on node 'L5557'
'NLA' does not exists on node 'L5561'
'NII' does not exists on node 'L5562'
'NLA' does not exists on node 'L5563'
'NII' does not exists on node 'L5564'
'NLA' does not exists on node 'L5581'
'NII' does not exists on node 'L5582'
'NLA' does not exists on node 'L5593'
'NII' does not exists on node 'L5594'
'NLA' does not exists on node 'L6072'
'NII' does not exists on node 'L6073'
'NLA' does not exists on node 'L6078'
'NII' does not exists on node 'L6079'
'NLA' does not exists on node 'L6207'
'NII' does not exists on node 'L6208'
'NLA' does not exists on node 'L6424'
'NII' does not exists on node 'L6425'
'NLA' does not exists on node 'L6538'
'NII' does not exists on node 'L6539'
'NLA' does not exists on node 'L6692'
'NII' does not exists on node 'L6693'
'NLA' does not exists on node 'L6709'
'NII' does not exists on node 'L6710'
'NLA' does not exists on node 'L6715'
'NII' does not exists on node 'L6716'
'NLA' does not exists on node 'L6771'
'NII' does not exists on node 'L6772'
'NLA' does not exists on node 'L6827'
'NII' does not exists on node 'L6828'
'NLA' does not exists on node 'L7324'
'NII' does not exists on node 'L7325'
'NLA' does not exists on node 'L8045'
'NII' does not exists on node 'L8046'
'NLA' does not exists on node 'L8047'
'NII' does not exists on node 'L8048'
'NLA' does not exists on node 'L8054'
'NII' does not exists on node 'L8055'
'NLA' does not exists on node 'L8059'
'NII' does not exists on node 'L8060'
'NLA' does not exists on node 'L8061'
'NII' does not exists on node 'L8062'
'NLA' does not exists on node 'L8078'
'NII' does not exists on node 'L8079'
'NLA' does not exists on node 'L8081'
'NII' does not exists on node 'L8082'
'NLA' does not exists on node 'L8101'
'NII' does not exists on node 'L8102'
'NLA' does not exists on node 'L8123'
'NII' does not exists on node 'L8124'
'NLA' does not exists on node 'L8158'
'NII' does not exists on node 'L8159'
'NLA' does not exists on node 'L8199'
'NII' does not exists on node 'L8200'
'NLA' does not exists on node 'L8204'
'NII' does not exists on node 'L8205'
'NLA' does not exists on node 'L8221'
'NII' does not exists on node 'L8222'
'NLA' does not exists on node 'L8242'
'NII' does not exists on node 'L8243'
'NLA' does not exists on node 'L8256'
'NII' does not exists on node 'L8257'
'NLA' does not exists on node 'L8284'
'NII' does not exists on node 'L8285'
'NLA' does not exists on node 'L8286'
'NII' does not exists on node 'L8287'
'NLA' does not exists on node 'L8297'
'NII' does not exists on node 'L8298'
'NLA' does not exists on node 'L8300'
'NII' does not exists on node 'L8301'
'NLA' does not exists on node 'L8309'
'NII' does not exists on node 'L8310'
'NLA' does not exists on node 'L8331'
'NII' does not exists on node 'L8332'
'NLA' does not exists on node 'L8345'
'NII' does not exists on node 'L8346'
'NLA' does not exists on node 'L8377'
'NII' does not exists on node 'L8378'
'NLA' does not exists on node 'L8382'
'NII' does not exists on node 'L8383'
'NLA' does not exists on node 'L8399'
'NII' does not exists on node 'L8400'
'NLA' does not exists on node 'L8403'
'NII' does not exists on node 'L8404'
'NLA' does not exists on node 'L8417'
'NII' does not exists on node 'L8418'
'NLA' does not exists on node 'L8440'
'NII' does not exists on node 'L8441'
'NLA' does not exists on node 'L8442'
'NII' does not exists on node 'L8443'
'NLA' does not exists on node 'L8459'
'NII' does not exists on node 'L8460'
'NLA' does not exists on node 'L8462'
'NII' does not exists on node 'L8463'
'NLA' does not exists on node 'L8482'
'NII' does not exists on node 'L8483'
'NLA' does not exists on node 'L8504'
'NII' does not exists on node 'L8505'
'NLA' does not exists on node 'L8539'
'NII' does not exists on node 'L8540'
'NLA' does not exists on node 'L8580'
'NII' does not exists on node 'L8581'
'NLA' does not exists on node 'L8585'
'NII' does not exists on node 'L8586'
'NLA' does not exists on node 'L8602'
'NII' does not exists on node 'L8603'
'NLA' does not exists on node 'L8623'
'NII' does not exists on node 'L8624'
'NLA' does not exists on node 'L8637'
'NII' does not exists on node 'L8638'
'NLA' does not exists on node 'L8670'
'NII' does not exists on node 'L8671'
'NLA' does not exists on node 'L8672'
'NII' does not exists on node 'L8673'
'NLA' does not exists on node 'L8684'
'NII' does not exists on node 'L8685'
'NLA' does not exists on node 'L8911'
'NII' does not exists on node 'L8912'
'NLA' does not exists on node 'L8916'
'NII' does not exists on node 'L8917'
'NLA' does not exists on node 'L8998'
'NII' does not exists on node 'L8999'
'NLA' does not exists on node 'L9094'
'NII' does not exists on node 'L9095'
'NLA' does not exists on node 'L9191'
'NII' does not exists on node 'L9192'
'NLA' does not exists on node 'L9300'
'NII' does not exists on node 'L9301'
'NLA' does not exists on node 'L9306'
'NII' does not exists on node 'L9307'
'NLA' does not exists on node 'L9352'
'NII' does not exists on node 'L9353'
'NLA' does not exists on node 'L9389'
'NII' does not exists on node 'L9390'
'NLA' does not exists on node 'L9713'
'NII' does not exists on node 'L9714'
'NLA' does not exists on node 'L10107'
'NII' does not exists on node 'L10108'
'NLA' does not exists on node 'L10109'
'NII' does not exists on node 'L10110'
'NLA' does not exists on node 'L10123'
'NII' does not exists on node 'L10124'
'NLA' does not exists on node 'L10399'
'NII' does not exists on node 'L10400'
'NLA' does not exists on node 'L10404'
'NII' does not exists on node 'L10405'
'NLA' does not exists on node 'L10488'
'NII' does not exists on node 'L10489'
'NLA' does not exists on node 'L10601'
'NII' does not exists on node 'L10602'
'NLA' does not exists on node 'L10700'
'NII' does not exists on node 'L10701'
'NLA' does not exists on node 'L10803'
'NII' does not exists on node 'L10804'
'NLA' does not exists on node 'L10810'
'NII' does not exists on node 'L10811'
'NLA' does not exists on node 'L10849'
'NII' does not exists on node 'L10850'
'NLA' does not exists on node 'L10882'
'NII' does not exists on node 'L10883'
'NLA' does not exists on node 'L11225'
'NII' does not exists on node 'L11226'
'NLA' does not exists on node 'L11659'
'NII' does not exists on node 'L11660'
'NLA' does not exists on node 'L11661'
'NII' does not exists on node 'L11662'
'NLA' does not exists on node 'L11669'
'NII' does not exists on node 'L11670'
'NLA' does not exists on node 'L11719'
'NLA' does not exists on node 'L11721'
'NLA' does not exists on node 'L11742'
'NLA' does not exists on node 'L11754'
'NLA' does not exists on node 'L11760'
'NLA' does not exists on node 'L12897'
'NLA' does not exists on node 'L12903'
'NLA' does not exists on node 'L13049'
'NLA' does not exists on node 'L13273'
'NLA' does not exists on node 'L13447'
'NLA' does not exists on node 'L13451'
'NLA' does not exists on node 'L13744'
'NLA' does not exists on node 'L13763'
'NLA' does not exists on node 'L13769'
'NLA' does not exists on node 'L13859'
'NLA' does not exists on node 'L13864'
'NLA' does not exists on node 'L13967'
'NLA' does not exists on node 'L14471'
Found pattern "Blob" on L14471
'NLA' does not exists on node 'L16358'
'NLA' does not exists on node 'L16361'
'NLA' does not exists on node 'L16377'
'NII' does not exists on node 'L16387'
'NII' does not exists on node 'L16392'
'NLA' does not exists on node 'L16398'
'NII' does not exists on node 'L16399'
'NII' does not exists on node 'L16404'
'NLA' does not exists on node 'L16406'
'NII' does not exists on node 'L16409'
'NLA' does not exists on node 'L16410'
'NII' does not exists on node 'L16418'
'NII' does not exists on node 'L16426'
'LLOC' does not exists on node 'L16431'
'NOS' does not exists on node 'L16431'
'McCC' does not exists on node 'L16431'
'NII' does not exists on node 'L16431'
'LLOC' does not exists on node 'L16435'
'NOS' does not exists on node 'L16435'
'McCC' does not exists on node 'L16435'
'NII' does not exists on node 'L16435'
'NLA' does not exists on node 'L16382'
'NII' does not exists on node 'L16445'
'LLOC' does not exists on node 'L16456'
'NOS' does not exists on node 'L16456'
'McCC' does not exists on node 'L16456'
'NII' does not exists on node 'L16456'
'LLOC' does not exists on node 'L16458'
'NOS' does not exists on node 'L16458'
'McCC' does not exists on node 'L16458'
'NII' does not exists on node 'L16458'
'NLA' does not exists on node 'L16466'
'NII' does not exists on node 'L16467'
'LLOC' does not exists on node 'L16469'
'NOS' does not exists on node 'L16469'
'McCC' does not exists on node 'L16469'
'NII' does not exists on node 'L16469'
'LLOC' does not exists on node 'L16471'
'NOS' does not exists on node 'L16471'
'McCC' does not exists on node 'L16471'
'NII' does not exists on node 'L16471'
'NLA' does not exists on node 'L16485'
'NII' does not exists on node 'L16498'
'NII' does not exists on node 'L16504'
'NII' does not exists on node 'L16517'
'LLOC' does not exists on node 'L16525'
'NOS' does not exists on node 'L16525'
'McCC' does not exists on node 'L16525'
'NII' does not exists on node 'L16525'
'NLA' does not exists on node 'L16487'
'NII' does not exists on node 'L16501'
'NII' does not exists on node 'L16537'
'NLA' does not exists on node 'L16539'
'NII' does not exists on node 'L16553'
'NII' does not exists on node 'L16557'
'NII' does not exists on node 'L16578'
'LLOC' does not exists on node 'L16592'
'NOS' does not exists on node 'L16592'
'McCC' does not exists on node 'L16592'
'NII' does not exists on node 'L16592'
'NLA' does not exists on node 'L16594'
'NII' does not exists on node 'L16604'
'NII' does not exists on node 'L16608'
'NII' does not exists on node 'L16621'
'NLA' does not exists on node 'L16629'
'NII' does not exists on node 'L16642'
'NII' does not exists on node 'L16646'
'NII' does not exists on node 'L16665'
'LLOC' does not exists on node 'L16677'
'NOS' does not exists on node 'L16677'
'McCC' does not exists on node 'L16677'
'NII' does not exists on node 'L16677'
'NLA' does not exists on node 'L16679'
'NII' does not exists on node 'L16692'
'NII' does not exists on node 'L16696'
'NII' does not exists on node 'L16716'
'LLOC' does not exists on node 'L16728'
'NOS' does not exists on node 'L16728'
'McCC' does not exists on node 'L16728'
'NII' does not exists on node 'L16728'
'NLA' does not exists on node 'L16730'
'NII' does not exists on node 'L16743'
'NII' does not exists on node 'L16747'
'NII' does not exists on node 'L16765'
'LLOC' does not exists on node 'L16777'
'NOS' does not exists on node 'L16777'
'McCC' does not exists on node 'L16777'
'NII' does not exists on node 'L16777'
'NLA' does not exists on node 'L16779'
'NII' does not exists on node 'L16786'
'NII' does not exists on node 'L16794'
'LLOC' does not exists on node 'L16797'
'NOS' does not exists on node 'L16797'
'McCC' does not exists on node 'L16797'
'NII' does not exists on node 'L16797'
'NLA' does not exists on node 'L16814'
'NII' does not exists on node 'L16818'
'NLA' does not exists on node 'L16824'
'NII' does not exists on node 'L16834'
'NII' does not exists on node 'L16848'
Found pattern "Feature Envy" on L16851
'LLOC' does not exists on node 'L16851'
'NOS' does not exists on node 'L16851'
'McCC' does not exists on node 'L16851'
'NII' does not exists on node 'L16851'
'NLA' does not exists on node 'L16460'
'NII' does not exists on node 'L16857'
'NLA' does not exists on node 'L16860'
'NII' does not exists on node 'L16861'
'NII' does not exists on node 'L16862'
'NII' does not exists on node 'L16870'
'NII' does not exists on node 'L16876'
'NII' does not exists on node 'L16881'
'NII' does not exists on node 'L16887'
'NII' does not exists on node 'L16893'
'NII' does not exists on node 'L16898'
'NII' does not exists on node 'L16904'
'NII' does not exists on node 'L16909'
'NII' does not exists on node 'L16914'
'NII' does not exists on node 'L16920'
'NII' does not exists on node 'L16926'
'NII' does not exists on node 'L16932'
'NLA' does not exists on node 'L16873'
'NII' does not exists on node 'L16936'
'NLA' does not exists on node 'L16939'
'NII' does not exists on node 'L16942'
'LLOC' does not exists on node 'L16946'
'NOS' does not exists on node 'L16946'
'McCC' does not exists on node 'L16946'
'NII' does not exists on node 'L16946'
'NLA' does not exists on node 'L16492'
'NII' does not exists on node 'L16960'
'NII' does not exists on node 'L16530'
'NII' does not exists on node 'L16971'
'NII' does not exists on node 'L16521'
'NII' does not exists on node 'L16975'
'NII' does not exists on node 'L16523'
'NII' does not exists on node 'L16979'
'NII' does not exists on node 'L16532'
'NII' does not exists on node 'L16983'
'NLA' does not exists on node 'L16542'
'NII' does not exists on node 'L16805'
'NII' does not exists on node 'L16580'
'NII' does not exists on node 'L17007'
'NII' does not exists on node 'L16582'
'NII' does not exists on node 'L17011'
'NII' does not exists on node 'L16584'
'NII' does not exists on node 'L17015'
'NII' does not exists on node 'L16586'
'NII' does not exists on node 'L17019'
'NII' does not exists on node 'L16588'
'NII' does not exists on node 'L17023'
'NII' does not exists on node 'L16590'
'NII' does not exists on node 'L17027'
'NLA' does not exists on node 'L16598'
'NII' does not exists on node 'L17035'
'NII' does not exists on node 'L16623'
'NII' does not exists on node 'L17046'
'NII' does not exists on node 'L16625'
'NII' does not exists on node 'L17050'
'NII' does not exists on node 'L16627'
'NII' does not exists on node 'L17054'
'NII' does not exists on node 'L17057'
'NII' does not exists on node 'L17059'
'NII' does not exists on node 'L17062'
'NLA' does not exists on node 'L16633'
'NII' does not exists on node 'L17069'
'NII' does not exists on node 'L16667'
'NII' does not exists on node 'L17082'
'NII' does not exists on node 'L16669'
'NII' does not exists on node 'L17086'
'NII' does not exists on node 'L16675'
'NII' does not exists on node 'L17090'
'NII' does not exists on node 'L16671'
'NII' does not exists on node 'L17094'
'NII' does not exists on node 'L16673'
'NII' does not exists on node 'L17098'
'NLA' does not exists on node 'L16683'
'NII' does not exists on node 'L17107'
'NII' does not exists on node 'L16718'
'NII' does not exists on node 'L16720'
'NII' does not exists on node 'L16722'
'NII' does not exists on node 'L16724'
'NII' does not exists on node 'L16726'
'NLA' does not exists on node 'L16734'
'NII' does not exists on node 'L17130'
'NII' does not exists on node 'L16767'
'NII' does not exists on node 'L17143'
'NII' does not exists on node 'L16769'
'NII' does not exists on node 'L17147'
'NII' does not exists on node 'L16771'
'NII' does not exists on node 'L17151'
'NII' does not exists on node 'L16773'
'NII' does not exists on node 'L17155'
'NII' does not exists on node 'L16775'
'NII' does not exists on node 'L17159'
'NLA' does not exists on node 'L16929'
'NII' does not exists on node 'L17176'
'NII' does not exists on node 'L17189'
'LLOC' does not exists on node 'L17195'
'NOS' does not exists on node 'L17195'
'McCC' does not exists on node 'L17195'
'NII' does not exists on node 'L17195'
'NII' does not exists on node 'L17210'
'LLOC' does not exists on node 'L17215'
'NOS' does not exists on node 'L17215'
'McCC' does not exists on node 'L17215'
'NII' does not exists on node 'L17215'
'NII' does not exists on node 'L17187'
'LLOC' does not exists on node 'L17223'
'NOS' does not exists on node 'L17223'
'McCC' does not exists on node 'L17223'
'NII' does not exists on node 'L17223'
'NLA' does not exists on node 'L16923'
'NII' does not exists on node 'L17239'
'NII' does not exists on node 'L17247'
'LLOC' does not exists on node 'L17250'
'NOS' does not exists on node 'L17250'
'McCC' does not exists on node 'L17250'
'NII' does not exists on node 'L17250'
'NLA' does not exists on node 'L17256'
'NII' does not exists on node 'L17266'
'NLA' does not exists on node 'L16473'
'NII' does not exists on node 'L17296'
'LLOC' does not exists on node 'L17311'
'NOS' does not exists on node 'L17311'
'McCC' does not exists on node 'L17311'
'NII' does not exists on node 'L17311'
'LLOC' does not exists on node 'L17321'
'NOS' does not exists on node 'L17321'
'McCC' does not exists on node 'L17321'
'NII' does not exists on node 'L17321'
'NII' does not exists on node 'L17323'
'NII' does not exists on node 'L17327'
'LLOC' does not exists on node 'L17336'
'NOS' does not exists on node 'L17336'
'McCC' does not exists on node 'L17336'
'NII' does not exists on node 'L17336'
'NII' does not exists on node 'L17319'
'LLOC' does not exists on node 'L17345'
'NOS' does not exists on node 'L17345'
'McCC' does not exists on node 'L17345'
'NII' does not exists on node 'L17345'
'NLA' does not exists on node 'L17347'
'NII' does not exists on node 'L17348'
'NII' does not exists on node 'L17317'
'NLA' does not exists on node 'L16917'
'NII' does not exists on node 'L17375'
'LLOC' does not exists on node 'L17393'
'NOS' does not exists on node 'L17393'
'McCC' does not exists on node 'L17393'
'NII' does not exists on node 'L17393'
'NLA' does not exists on node 'L17410'
'NII' does not exists on node 'L17411'
'NII' does not exists on node 'L17419'
'NII' does not exists on node 'L17428'
'NII' does not exists on node 'L17432'
'NII' does not exists on node 'L17434'
'NII' does not exists on node 'L17430'
'NII' does not exists on node 'L17404'
'LLOC' does not exists on node 'L17458'
'NOS' does not exists on node 'L17458'
'McCC' does not exists on node 'L17458'
'NII' does not exists on node 'L17458'
'NII' does not exists on node 'L17406'
'LLOC' does not exists on node 'L17464'
'NOS' does not exists on node 'L17464'
'McCC' does not exists on node 'L17464'
'NII' does not exists on node 'L17464'
'NII' does not exists on node 'L17408'
'LLOC' does not exists on node 'L17468'
'NOS' does not exists on node 'L17468'
'McCC' does not exists on node 'L17468'
'NII' does not exists on node 'L17468'
'NII' does not exists on node 'L17470'
'NLA' does not exists on node 'L16527'
'NII' does not exists on node 'L17481'
'NII' does not exists on node 'L17492'
'LLOC' does not exists on node 'L17495'
'NOS' does not exists on node 'L17495'
'McCC' does not exists on node 'L17495'
'NII' does not exists on node 'L17495'
'NLA' does not exists on node 'L16890'
'NII' does not exists on node 'L17503'
'NII' does not exists on node 'L17511'
'LLOC' does not exists on node 'L17514'
'NOS' does not exists on node 'L17514'
'McCC' does not exists on node 'L17514'
'NII' does not exists on node 'L17514'
'NLA' does not exists on node 'L16901'
'NII' does not exists on node 'L17522'
'NII' does not exists on node 'L17525'
'NII' does not exists on node 'L17528'
'NII' does not exists on node 'L17531'
'NII' does not exists on node 'L17534'
'NII' does not exists on node 'L17537'
'NII' does not exists on node 'L17540'
'NII' does not exists on node 'L17543'
'NII' does not exists on node 'L17546'
'NLA' does not exists on node 'L16884'
'NII' does not exists on node 'L17555'
'NII' does not exists on node 'L17563'
'LLOC' does not exists on node 'L17566'
'NOS' does not exists on node 'L17566'
'McCC' does not exists on node 'L17566'
'NII' does not exists on node 'L17566'
'NLA' does not exists on node 'L16415'
'NII' does not exists on node 'L16424'
'NII' does not exists on node 'L16429'
'NII' does not exists on node 'L16433'
'NLA' does not exists on node 'L17218'
'NII' does not exists on node 'L17588'
'NII' does not exists on node 'L17596'
'LLOC' does not exists on node 'L17599'
'NOS' does not exists on node 'L17599'
'McCC' does not exists on node 'L17599'
'NII' does not exists on node 'L17599'
'LLOC' does not exists on node 'L17601'
'NOS' does not exists on node 'L17601'
'McCC' does not exists on node 'L17601'
'NII' does not exists on node 'L17601'
'NLA' does not exists on node 'L17603'
'NII' does not exists on node 'L17606'
'NLA' does not exists on node 'L17614'
'NII' does not exists on node 'L17615'
Creating the output files...
[2023-03-04 19:27:32] End:LIM2PatternsTask Result:OK
