C:\Users\arnab\AndroidStudioProjects\IITNSTU\app\build\generated\not_namespaced_r_class_sources\debug\r\androidx\appcompat\R.java
C:\Users\arnab\AndroidStudioProjects\IITNSTU\app\build\generated\not_namespaced_r_class_sources\debug\r\androidx\arch\core\R.java
C:\Users\arnab\AndroidStudioProjects\IITNSTU\app\build\generated\not_namespaced_r_class_sources\debug\r\androidx\asynclayoutinflater\R.java
C:\Users\arnab\AndroidStudioProjects\IITNSTU\app\build\generated\not_namespaced_r_class_sources\debug\r\androidx\cardview\R.java
C:\Users\arnab\AndroidStudioProjects\IITNSTU\app\build\generated\not_namespaced_r_class_sources\debug\r\androidx\constraintlayout\widget\R.java
C:\Users\arnab\AndroidStudioProjects\IITNSTU\app\build\generated\not_namespaced_r_class_sources\debug\r\androidx\coordinatorlayout\R.java
C:\Users\arnab\AndroidStudioProjects\IITNSTU\app\build\generated\not_namespaced_r_class_sources\debug\r\androidx\core\R.java
C:\Users\arnab\AndroidStudioProjects\IITNSTU\app\build\generated\not_namespaced_r_class_sources\debug\r\androidx\cursoradapter\R.java
C:\Users\arnab\AndroidStudioProjects\IITNSTU\app\build\generated\not_namespaced_r_class_sources\debug\r\androidx\customview\R.java
C:\Users\arnab\AndroidStudioProjects\IITNSTU\app\build\generated\not_namespaced_r_class_sources\debug\r\androidx\documentfile\R.java
C:\Users\arnab\AndroidStudioProjects\IITNSTU\app\build\generated\not_namespaced_r_class_sources\debug\r\androidx\drawerlayout\R.java
C:\Users\arnab\AndroidStudioProjects\IITNSTU\app\build\generated\not_namespaced_r_class_sources\debug\r\androidx\exifinterface\R.java
C:\Users\arnab\AndroidStudioProjects\IITNSTU\app\build\generated\not_namespaced_r_class_sources\debug\r\androidx\fragment\R.java
C:\Users\arnab\AndroidStudioProjects\IITNSTU\app\build\generated\not_namespaced_r_class_sources\debug\r\androidx\gridlayout\R.java
C:\Users\arnab\AndroidStudioProjects\IITNSTU\app\build\generated\not_namespaced_r_class_sources\debug\r\androidx\interpolator\R.java
C:\Users\arnab\AndroidStudioProjects\IITNSTU\app\build\generated\not_namespaced_r_class_sources\debug\r\androidx\legacy\coreui\R.java
C:\Users\arnab\AndroidStudioProjects\IITNSTU\app\build\generated\not_namespaced_r_class_sources\debug\r\androidx\legacy\coreutils\R.java
C:\Users\arnab\AndroidStudioProjects\IITNSTU\app\build\generated\not_namespaced_r_class_sources\debug\r\androidx\legacy\v4\R.java
C:\Users\arnab\AndroidStudioProjects\IITNSTU\app\build\generated\not_namespaced_r_class_sources\debug\r\androidx\lifecycle\extensions\R.java
C:\Users\arnab\AndroidStudioProjects\IITNSTU\app\build\generated\not_namespaced_r_class_sources\debug\r\androidx\lifecycle\livedata\core\R.java
C:\Users\arnab\AndroidStudioProjects\IITNSTU\app\build\generated\not_namespaced_r_class_sources\debug\r\androidx\lifecycle\livedata\R.java
C:\Users\arnab\AndroidStudioProjects\IITNSTU\app\build\generated\not_namespaced_r_class_sources\debug\r\androidx\lifecycle\process\R.java
C:\Users\arnab\AndroidStudioProjects\IITNSTU\app\build\generated\not_namespaced_r_class_sources\debug\r\androidx\lifecycle\R.java
C:\Users\arnab\AndroidStudioProjects\IITNSTU\app\build\generated\not_namespaced_r_class_sources\debug\r\androidx\lifecycle\service\R.java
C:\Users\arnab\AndroidStudioProjects\IITNSTU\app\build\generated\not_namespaced_r_class_sources\debug\r\androidx\lifecycle\viewmodel\R.java
C:\Users\arnab\AndroidStudioProjects\IITNSTU\app\build\generated\not_namespaced_r_class_sources\debug\r\androidx\loader\R.java
C:\Users\arnab\AndroidStudioProjects\IITNSTU\app\build\generated\not_namespaced_r_class_sources\debug\r\androidx\localbroadcastmanager\R.java
C:\Users\arnab\AndroidStudioProjects\IITNSTU\app\build\generated\not_namespaced_r_class_sources\debug\r\androidx\media\R.java
C:\Users\arnab\AndroidStudioProjects\IITNSTU\app\build\generated\not_namespaced_r_class_sources\debug\r\androidx\print\R.java
C:\Users\arnab\AndroidStudioProjects\IITNSTU\app\build\generated\not_namespaced_r_class_sources\debug\r\androidx\recyclerview\R.java
C:\Users\arnab\AndroidStudioProjects\IITNSTU\app\build\generated\not_namespaced_r_class_sources\debug\r\androidx\slidingpanelayout\R.java
C:\Users\arnab\AndroidStudioProjects\IITNSTU\app\build\generated\not_namespaced_r_class_sources\debug\r\androidx\swiperefreshlayout\R.java
C:\Users\arnab\AndroidStudioProjects\IITNSTU\app\build\generated\not_namespaced_r_class_sources\debug\r\androidx\transition\R.java
C:\Users\arnab\AndroidStudioProjects\IITNSTU\app\build\generated\not_namespaced_r_class_sources\debug\r\androidx\vectordrawable\R.java
C:\Users\arnab\AndroidStudioProjects\IITNSTU\app\build\generated\not_namespaced_r_class_sources\debug\r\androidx\versionedparcelable\R.java
C:\Users\arnab\AndroidStudioProjects\IITNSTU\app\build\generated\not_namespaced_r_class_sources\debug\r\androidx\viewpager\R.java
C:\Users\arnab\AndroidStudioProjects\IITNSTU\app\build\generated\not_namespaced_r_class_sources\debug\r\com\github\barteksc\pdfviewer\R.java
C:\Users\arnab\AndroidStudioProjects\IITNSTU\app\build\generated\not_namespaced_r_class_sources\debug\r\com\google\android\gms\base\R.java
C:\Users\arnab\AndroidStudioProjects\IITNSTU\app\build\generated\not_namespaced_r_class_sources\debug\r\com\google\android\gms\common\R.java
C:\Users\arnab\AndroidStudioProjects\IITNSTU\app\build\generated\not_namespaced_r_class_sources\debug\r\com\google\android\gms\flags\R.java
C:\Users\arnab\AndroidStudioProjects\IITNSTU\app\build\generated\not_namespaced_r_class_sources\debug\r\com\google\android\gms\tasks\R.java
C:\Users\arnab\AndroidStudioProjects\IITNSTU\app\build\generated\not_namespaced_r_class_sources\debug\r\com\google\android\material\R.java
C:\Users\arnab\AndroidStudioProjects\IITNSTU\app\build\generated\not_namespaced_r_class_sources\debug\r\com\google\firebase\auth\internal\R.java
C:\Users\arnab\AndroidStudioProjects\IITNSTU\app\build\generated\not_namespaced_r_class_sources\debug\r\com\google\firebase\auth\R.java
C:\Users\arnab\AndroidStudioProjects\IITNSTU\app\build\generated\not_namespaced_r_class_sources\debug\r\com\google\firebase\database\collection\R.java
C:\Users\arnab\AndroidStudioProjects\IITNSTU\app\build\generated\not_namespaced_r_class_sources\debug\r\com\google\firebase\firestore\R.java
C:\Users\arnab\AndroidStudioProjects\IITNSTU\app\build\generated\not_namespaced_r_class_sources\debug\r\com\google\firebase\R.java
C:\Users\arnab\AndroidStudioProjects\IITNSTU\app\build\generated\not_namespaced_r_class_sources\debug\r\com\google\firebase\storage\R.java
C:\Users\arnab\AndroidStudioProjects\IITNSTU\app\build\generated\not_namespaced_r_class_sources\debug\r\com\gun0912\tedpermission\R.java
C:\Users\arnab\AndroidStudioProjects\IITNSTU\app\build\generated\not_namespaced_r_class_sources\debug\r\com\mikhaellopez\circularimageview\R.java
C:\Users\arnab\AndroidStudioProjects\IITNSTU\app\build\generated\not_namespaced_r_class_sources\debug\r\com\shockwave\pdfium\R.java
C:\Users\arnab\AndroidStudioProjects\IITNSTU\app\build\generated\not_namespaced_r_class_sources\debug\r\com\squareup\picasso\R.java
C:\Users\arnab\AndroidStudioProjects\IITNSTU\app\build\generated\not_namespaced_r_class_sources\debug\r\com\whatEver\iitnstu\R.java
C:\Users\arnab\AndroidStudioProjects\IITNSTU\app\build\generated\not_namespaced_r_class_sources\debug\r\firebase\com\protolitewrapper\R.java
C:\Users\arnab\AndroidStudioProjects\IITNSTU\app\build\generated\source\buildConfig\debug\com\whatEver\iitnstu\BuildConfig.java
C:\Users\arnab\AndroidStudioProjects\IITNSTU\app\src\androidTest\java\com\whatEver\iitnstu\AuthenticationActivityTest.java
C:\Users\arnab\AndroidStudioProjects\IITNSTU\app\src\androidTest\java\com\whatEver\iitnstu\ExampleInstrumentedTest.java
C:\Users\arnab\AndroidStudioProjects\IITNSTU\app\src\main\java\com\whatEver\iitnstu\AllCourseDetailsActivity.java
C:\Users\arnab\AndroidStudioProjects\IITNSTU\app\src\main\java\com\whatEver\iitnstu\AuthenticationActivity.java
C:\Users\arnab\AndroidStudioProjects\IITNSTU\app\src\main\java\com\whatEver\iitnstu\cards\BatchCard.java
C:\Users\arnab\AndroidStudioProjects\IITNSTU\app\src\main\java\com\whatEver\iitnstu\cards\Card.java
C:\Users\arnab\AndroidStudioProjects\IITNSTU\app\src\main\java\com\whatEver\iitnstu\cards\CourseCoCard.java
C:\Users\arnab\AndroidStudioProjects\IITNSTU\app\src\main\java\com\whatEver\iitnstu\cards\NoticeCard.java
C:\Users\arnab\AndroidStudioProjects\IITNSTU\app\src\main\java\com\whatEver\iitnstu\cards\OfficialsCard.java
C:\Users\arnab\AndroidStudioProjects\IITNSTU\app\src\main\java\com\whatEver\iitnstu\cards\StudentCard.java
C:\Users\arnab\AndroidStudioProjects\IITNSTU\app\src\main\java\com\whatEver\iitnstu\cards\TeacherCard.java
C:\Users\arnab\AndroidStudioProjects\IITNSTU\app\src\main\java\com\whatEver\iitnstu\CourseCoordinatorActivity.java
C:\Users\arnab\AndroidStudioProjects\IITNSTU\app\src\main\java\com\whatEver\iitnstu\DevelopersActivity.java
C:\Users\arnab\AndroidStudioProjects\IITNSTU\app\src\main\java\com\whatEver\iitnstu\DirectorProfileActivity.java
C:\Users\arnab\AndroidStudioProjects\IITNSTU\app\src\main\java\com\whatEver\iitnstu\HomeActivity.java
C:\Users\arnab\AndroidStudioProjects\IITNSTU\app\src\main\java\com\whatEver\iitnstu\IntroActivity.java
C:\Users\arnab\AndroidStudioProjects\IITNSTU\app\src\main\java\com\whatEver\iitnstu\MainActivity.java
C:\Users\arnab\AndroidStudioProjects\IITNSTU\app\src\main\java\com\whatEver\iitnstu\models\Batch.java
C:\Users\arnab\AndroidStudioProjects\IITNSTU\app\src\main\java\com\whatEver\iitnstu\models\CourseCo.java
C:\Users\arnab\AndroidStudioProjects\IITNSTU\app\src\main\java\com\whatEver\iitnstu\models\Notice.java
C:\Users\arnab\AndroidStudioProjects\IITNSTU\app\src\main\java\com\whatEver\iitnstu\models\Official.java
C:\Users\arnab\AndroidStudioProjects\IITNSTU\app\src\main\java\com\whatEver\iitnstu\models\Student.java
C:\Users\arnab\AndroidStudioProjects\IITNSTU\app\src\main\java\com\whatEver\iitnstu\models\Teacher.java
C:\Users\arnab\AndroidStudioProjects\IITNSTU\app\src\main\java\com\whatEver\iitnstu\NoticeBoardActivity.java
C:\Users\arnab\AndroidStudioProjects\IITNSTU\app\src\main\java\com\whatEver\iitnstu\OfficialsActivity.java
C:\Users\arnab\AndroidStudioProjects\IITNSTU\app\src\main\java\com\whatEver\iitnstu\ProfileActivity.java
C:\Users\arnab\AndroidStudioProjects\IITNSTU\app\src\main\java\com\whatEver\iitnstu\RegisterUserActivity.java
C:\Users\arnab\AndroidStudioProjects\IITNSTU\app\src\main\java\com\whatEver\iitnstu\SearchActivity.java
C:\Users\arnab\AndroidStudioProjects\IITNSTU\app\src\main\java\com\whatEver\iitnstu\StudentAdapterActivity.java
C:\Users\arnab\AndroidStudioProjects\IITNSTU\app\src\main\java\com\whatEver\iitnstu\StudentInfoActivity.java
C:\Users\arnab\AndroidStudioProjects\IITNSTU\app\src\main\java\com\whatEver\iitnstu\SyllabusActivity.java
C:\Users\arnab\AndroidStudioProjects\IITNSTU\app\src\main\java\com\whatEver\iitnstu\TeachersInfoActivity.java
C:\Users\arnab\AndroidStudioProjects\IITNSTU\app\src\main\java\com\whatEver\iitnstu\tools\LoadingDialog.java
C:\Users\arnab\AndroidStudioProjects\IITNSTU\app\src\main\java\com\whatEver\iitnstu\tools\PdfViewer.java
C:\Users\arnab\AndroidStudioProjects\IITNSTU\app\src\test\java\com\whatEver\iitnstu\ExampleUnitTest.java
